2023-11-20 04:43:13,807 | train | INFO | Load dataset, train: 4788, val: 1198
2023-11-20 04:43:14,418 | train | INFO | Load model architecture: Unet
2023-11-20 04:43:14,420 | train | INFO | Load optimizer:AdamW, scheduler: ReduceLROnPlateau, loss: MeanCCELoss, metric: ['iou']
2023-11-20 04:43:14,420 | train | INFO | Load trainer
2023-11-20 04:43:14,420 | train | INFO | ES | Initiated, mode: max, best score: inf, patience: 5
2023-11-20 04:43:14,420 | train | INFO | Load early stopper, recorder
2023-11-20 04:43:14,422 | train | INFO | START TRAINING
2023-11-20 04:43:14,422 | train | INFO | Epoch 0/50 Train..
2023-11-20 04:45:12,135 | train | INFO | Epoch 0/50 Validation..
2023-11-20 04:45:25,028 | train | INFO | ES | 0/5, best:0.4876850446065267, now:0.4876850446065267
2023-11-20 04:45:25,028 | train | INFO | ES | Set patience counter as 0
2023-11-20 04:45:26,277 | train | INFO | Epoch 1/50 Train..
2023-11-20 04:47:19,000 | train | INFO | Epoch 1/50 Validation..
2023-11-20 04:47:31,710 | train | INFO | ES | 1/5, best:0.4876850446065267, now:0.43449181040128065
2023-11-20 04:47:31,710 | train | INFO | Epoch 2/50 Train..
2023-11-20 04:49:24,245 | train | INFO | Epoch 2/50 Validation..
2023-11-20 04:49:37,160 | train | INFO | ES | 2/5, best:0.4876850446065267, now:0.4715020004908243
2023-11-20 04:49:37,160 | train | INFO | Epoch 3/50 Train..
2023-11-20 04:51:27,407 | train | INFO | Epoch 3/50 Validation..
2023-11-20 04:51:40,868 | train | INFO | ES | 3/5, best:0.4876850446065267, now:0.48340451717376715
2023-11-20 04:51:40,868 | train | INFO | Epoch 4/50 Train..
2023-11-20 04:53:33,869 | train | INFO | Epoch 4/50 Validation..
2023-11-20 04:53:46,698 | train | INFO | ES | 4/5, best:0.4876850446065267, now:0.4450442997614543
2023-11-20 04:53:46,699 | train | INFO | Epoch 5/50 Train..
2023-11-20 04:55:39,226 | train | INFO | Epoch 5/50 Validation..
2023-11-20 04:55:52,329 | train | INFO | ES | 0/5, best:0.5245477712154388, now:0.5245477712154388
2023-11-20 04:55:52,329 | train | INFO | ES | Set patience counter as 0
2023-11-20 04:55:52,762 | train | INFO | Epoch 6/50 Train..
2023-11-20 04:57:44,313 | train | INFO | Epoch 6/50 Validation..
2023-11-20 04:57:56,882 | train | INFO | ES | 1/5, best:0.5245477712154388, now:0.47128878474235525
2023-11-20 04:57:56,882 | train | INFO | Epoch 7/50 Train..
2023-11-20 04:59:49,947 | train | INFO | Epoch 7/50 Validation..
2023-11-20 05:00:02,619 | train | INFO | ES | 2/5, best:0.5245477712154388, now:0.5174777738253274
2023-11-20 05:00:02,619 | train | INFO | Epoch 8/50 Train..
2023-11-20 05:01:54,544 | train | INFO | Epoch 8/50 Validation..
2023-11-20 05:02:06,960 | train | INFO | ES | 3/5, best:0.5245477712154388, now:0.5159916150569915
2023-11-20 05:02:06,960 | train | INFO | Epoch 9/50 Train..
2023-11-20 05:03:59,182 | train | INFO | Epoch 9/50 Validation..
2023-11-20 05:04:11,866 | train | INFO | ES | 4/5, best:0.5245477712154388, now:0.48910724600156136
2023-11-20 05:04:11,866 | train | INFO | Epoch 10/50 Train..
2023-11-20 05:06:04,176 | train | INFO | Epoch 10/50 Validation..
2023-11-20 05:06:17,422 | train | INFO | ES | 5/5, best:0.5245477712154388, now:0.46984813213348386
2023-11-20 05:06:17,422 | train | INFO | Epoch 10/50, Stopped counter 5/5
2023-11-20 05:06:17,422 | train | INFO | END TRAINING
